Added Component: Designator=U1(DFN4x4x0.55-12FC)
Add component. Clean all parameters for all variants
Added Component: Designator=U2(DFN3X3-10)
Add component. Clean all parameters for all variants
Added Pin To Net: NetName=Bat- Pin=U1-1
Added Pin To Net: NetName=Bat- Pin=U1-2
Added Pin To Net: NetName=Bat VDD Pin=U1-3
Added Pin To Net: NetName=Bat- Pin=U1-4
Added Pin To Net: NetName=Bat- Pin=U1-5
Added Pin To Net: NetName=Bat VDD Pin=U1-6
Added Pin To Net: NetName=Bat- Pin=U1-7
Added Pin To Net: NetName=Bat- Pin=U1-8
Added Pin To Net: NetName=Bat VDD Pin=U1-9
Added Pin To Net: NetName=Bat- Pin=U1-10
Added Pin To Net: NetName=Bat- Pin=U1-11
Added Pin To Net: NetName=Bat VDD Pin=U1-12
Added Pin To Net: NetName=GND Pin=U1-EPAD
Added Pin To Net: NetName=NetC14_1 Pin=U2-1
Added Pin To Net: NetName=Bat- Pin=U2-2
Added Pin To Net: NetName=Bat- Pin=U2-3
Added Pin To Net: NetName=Bat- Pin=U2-4
Added Pin To Net: NetName=Bat- Pin=U2-5
Added Pin To Net: NetName=GND Pin=U2-6
Added Pin To Net: NetName=GND Pin=U2-7
Added Pin To Net: NetName=GND Pin=U2-8
Added Pin To Net: NetName=GND Pin=U2-9
Added Pin To Net: NetName=GND Pin=U2-10
Added Pin To Net: NetName=Bat- Pin=U2-EPAD
Added Member To Class: ClassName=Peripherals Member=Component IC2 MPU-6500
Added Member To Class: ClassName=Power Member=Component U1 XB9241A
Added Member To Class: ClassName=Power Member=Component U2 XB6206AE
