Removed Member From Class: ClassName=Peripherals Member=C?
Removed Member From Class: ClassName=Peripherals Member=IC?
Removed Member From Class: ClassName=Peripherals Member=P?
Removed Member From Class: ClassName=Peripherals Member=R?
Removed Member From Class: ClassName=Power Member=R?
Removed Member From Class: ClassName=Power Member=U?
Change Component Designator: OldDesignator=C? NewDesignator=C0
Change Component Designator: OldDesignator=C? NewDesignator=C1
Change Component Designator: OldDesignator=C? NewDesignator=C1
Change Component Designator: OldDesignator=C? NewDesignator=C2
Change Component Designator: OldDesignator=C? NewDesignator=C3
Change Component Designator: OldDesignator=C? NewDesignator=C4
Change Component Designator: OldDesignator=C? NewDesignator=C5
Change Component Designator: OldDesignator=C? NewDesignator=C6
Change Component Designator: OldDesignator=C? NewDesignator=C7
Change Component Designator: OldDesignator=C? NewDesignator=C8
Change Component Designator: OldDesignator=C? NewDesignator=C9
Change Component Designator: OldDesignator=C? NewDesignator=C10
Change Component Designator: OldDesignator=C? NewDesignator=C11
Change Component Designator: OldDesignator=C? NewDesignator=C12
Change Component Designator: OldDesignator=C? NewDesignator=C13
Change Component Designator: OldDesignator=C? NewDesignator=C14
Change Component Designator: OldDesignator=C? NewDesignator=C15
Change Component Designator: OldDesignator=C? NewDesignator=C16
Change Component Designator: OldDesignator=C? NewDesignator=C17
Change Component Designator: OldDesignator=C? NewDesignator=C18
Change Component Designator: OldDesignator=C? NewDesignator=C19
Change Component Designator: OldDesignator=C? NewDesignator=C20
Change Component Designator: OldDesignator=C? NewDesignator=C21
Change Component Designator: OldDesignator=C? NewDesignator=C22
Change Component Designator: OldDesignator=C? NewDesignator=C23
Change Component Designator: OldDesignator=C? NewDesignator=C24
Change Component Designator: OldDesignator=C? NewDesignator=C25
Change Component Designator: OldDesignator=C? NewDesignator=C26
Change Component Designator: OldDesignator=C? NewDesignator=C27
Change Component Designator: OldDesignator=C? NewDesignator=C28
Change Component Designator: OldDesignator=C? NewDesignator=C29
Change Component Designator: OldDesignator=C? NewDesignator=C30
Change Component Designator: OldDesignator=D? NewDesignator=D0
Change Component Designator: OldDesignator=IC? NewDesignator=IC0
Change Component Designator: OldDesignator=IC? NewDesignator=IC1
Change Component Designator: OldDesignator=IC? NewDesignator=IC2
Change Component Designator: OldDesignator=IC? NewDesignator=IC3
Change Component Designator: OldDesignator=J? NewDesignator=J0
Change Component Designator: OldDesignator=J? NewDesignator=J1
Change Component Designator: OldDesignator=J? NewDesignator=J2
Change Component Designator: OldDesignator=P? NewDesignator=P0
Change Component Designator: OldDesignator=P? NewDesignator=P0
Change Component Designator: OldDesignator=P? NewDesignator=P1
Change Component Designator: OldDesignator=Q? NewDesignator=Q0
Change Component Designator: OldDesignator=Q? NewDesignator=Q0
Change Component Designator: OldDesignator=Q? NewDesignator=Q1
Change Component Designator: OldDesignator=R? NewDesignator=R0
Change Component Designator: OldDesignator=R? NewDesignator=R1
Change Component Designator: OldDesignator=R? NewDesignator=R2
Change Component Designator: OldDesignator=R? NewDesignator=R3
Change Component Designator: OldDesignator=R? NewDesignator=R4
Change Component Designator: OldDesignator=R? NewDesignator=R5
Change Component Designator: OldDesignator=R? NewDesignator=R6
Change Component Designator: OldDesignator=R? NewDesignator=R7
Change Component Designator: OldDesignator=R? NewDesignator=R8
Change Component Designator: OldDesignator=R? NewDesignator=R9
Change Component Designator: OldDesignator=R? NewDesignator=R10
Change Component Designator: OldDesignator=R? NewDesignator=R11
Change Component Designator: OldDesignator=R? NewDesignator=R12
Change Component Designator: OldDesignator=R? NewDesignator=R13
Change Component Designator: OldDesignator=R? NewDesignator=R14
Change Component Designator: OldDesignator=R? NewDesignator=R15
Change Component Designator: OldDesignator=R? NewDesignator=R16
Change Component Designator: OldDesignator=R? NewDesignator=R17
Change Component Designator: OldDesignator=R? NewDesignator=R18
Change Component Designator: OldDesignator=R? NewDesignator=R19
Change Component Designator: OldDesignator=R? NewDesignator=R20
Change Component Designator: OldDesignator=R? NewDesignator=R21
Change Component Designator: OldDesignator=U? NewDesignator=U0
Change Component Designator: OldDesignator=U? NewDesignator=U1
Change Component Designator: OldDesignator=U? NewDesignator=U2
Change Component Designator: OldDesignator=U? NewDesignator=U2
Change Component Designator: OldDesignator=U? NewDesignator=U3
Change Component Designator: OldDesignator=Y? NewDesignator=Y0
Change Component Designator: OldDesignator=Z? NewDesignator=Z0
Change Component Designator: OldDesignator=Z? NewDesignator=Z1
Change Net Name : Old Net Name=NetC?_1 New Net Name=NetC14_1
Change Net Name : Old Net Name=NetC?_2 New Net Name=NetC8_2
Change Net Name : Old Net Name=NetIC?_2 New Net Name=NetIC3_2
Change Net Name : Old Net Name=NetIC?_5 New Net Name=NetIC3_5
Change Net Name : Old Net Name=NetIC?_6 New Net Name=NetIC1_6
Change Net Name : Old Net Name=NetIC?_7 New Net Name=NetIC3_7
Change Net Name : Old Net Name=NetIC?_32 New Net Name=NetIC0_32
Change Net Name : Old Net Name=NetIC?_33 New Net Name=NetIC0_33
Change Net Name : Old Net Name=NetP?_D New Net Name=NetP0_D
Change Net Name : Old Net Name=NetQ?_D New Net Name=NetQ1_D
Change Net Name : Old Net Name=NetR?_1 New Net Name=NetR15_1
Change Net Name : Old Net Name=NetR?_2 New Net Name=NetR19_2
Added Pin To Net: NetName=NetC0_1 Pin=C0-1
Added Pin To Net: NetName=NetC0_1 Pin=IC0-41
Added Pin To Net: NetName=NetC0_1 Pin=Y0-1
Added Net: Name=NetC0_1
Added Pin To Net: NetName=NetC1_2 Pin=C1-2
Added Pin To Net: NetName=NetC1_2 Pin=IC0-40
Added Pin To Net: NetName=NetC1_2 Pin=Y0-2
Added Net: Name=NetC1_2
Added Pin To Net: NetName=NetC3_1 Pin=C3-1
Added Pin To Net: NetName=NetC3_1 Pin=IC0-25
Added Net: Name=NetC3_1
Added Pin To Net: NetName=NetC12_2 Pin=C12-2
Added Pin To Net: NetName=NetC12_2 Pin=D0-1
Added Pin To Net: NetName=NetC12_2 Pin=Q0-3
Added Pin To Net: NetName=NetC12_2 Pin=U0-6
Added Net: Name=NetC12_2
Added Pin To Net: NetName=NetC19_1 Pin=C19-1
Added Pin To Net: NetName=NetC19_1 Pin=R14-1
Added Net: Name=NetC19_1
Added Pin To Net: NetName=NetC25_1 Pin=C25-1
Added Pin To Net: NetName=NetC25_1 Pin=R19-1
Added Net: Name=NetC25_1
Added Pin To Net: NetName=NetC26_1 Pin=C26-1
Added Pin To Net: NetName=NetC26_1 Pin=U3-2
Added Net: Name=NetC26_1
Added Pin To Net: NetName=NetC28_1 Pin=C28-1
Added Pin To Net: NetName=NetC28_1 Pin=IC2-10
Added Net: Name=NetC28_1
Added Member To Class: ClassName=Microcontroller Member=Component C0 10pF 0402
Added Member To Class: ClassName=Microcontroller Member=Component C1 0.1uF 0402
Added Member To Class: ClassName=Microcontroller Member=Component C1 10pF 0402
Added Member To Class: ClassName=Microcontroller Member=Component C2 0.1uF 0402
Added Member To Class: ClassName=Microcontroller Member=Component C3 0.1uF 0402
Added Member To Class: ClassName=Microcontroller Member=Component C4 0.1uF 0402
Added Member To Class: ClassName=Microcontroller Member=Component C5 0.1uF 0402
Added Member To Class: ClassName=Microcontroller Member=Component C6 0.1uF 0402
Added Member To Class: ClassName=Microcontroller Member=Component C7 0.1uF 0402
Added Member To Class: ClassName=Microcontroller Member=Component C8 2.2uF 0402
Added Member To Class: ClassName=Microcontroller Member=Component C9 1uF 0402
Added Member To Class: ClassName=Microcontroller Member=Component C10 0.1uF 0402
Added Member To Class: ClassName=Microcontroller Member=Component C11 10uF 0402, Place in center of TM4C
Added Member To Class: ClassName=Power Member=Component C12 10uF 0402
Added Member To Class: ClassName=Power Member=Component C14 0.1uF 0402
Added Member To Class: ClassName=Power Member=Component C15 0.1uF 0402
Added Member To Class: ClassName=Power Member=Component C16 0.1uF 0402
Added Member To Class: ClassName=Power Member=Component C17 0.1uF 0402
Added Member To Class: ClassName=Power Member=Component C18 0.1uF 0402
Added Member To Class: ClassName=Power Member=Component C19 10uF 0402
Added Member To Class: ClassName=Peripherals Member=Component C20 0.1uF 0402
Added Member To Class: ClassName=Peripherals Member=Component C21 0.1uF 0402
Added Member To Class: ClassName=Peripherals Member=Component C22 0.1uF 0402
Added Member To Class: ClassName=Peripherals Member=Component C23 0.1uF 0402
Added Member To Class: ClassName=Peripherals Member=Component C24 10uF 0402
Added Member To Class: ClassName=Peripherals Member=Component C25 68nF 0402
Added Member To Class: ClassName=Peripherals Member=Component C26 0.1uF 0402
Added Member To Class: ClassName=Peripherals Member=Component C27 0.1uF 0402
Added Member To Class: ClassName=Peripherals Member=Component C28 0.1uF 0402
Added Member To Class: ClassName=Peripherals Member=Component C29 0.1uF 0402
Added Member To Class: ClassName=Peripherals Member=Component C30 1000uF
Added Member To Class: ClassName=Peripherals Member=Component IC1 ESP-01
Added Member To Class: ClassName=Peripherals Member=Component IC2 MPU-6500
Added Member To Class: ClassName=Peripherals Member=Component IC3 SN74LVC3G17DCUR
Added Member To Class: ClassName=Peripherals Member=Component J0 TF_PUSH
Added Member To Class: ClassName=Peripherals Member=Component J1 MCP4821-E/SN
Added Member To Class: ClassName=Peripherals Member=Component P0 Neopixel
Added Member To Class: ClassName=Power Member=Component P0 21700 Battery Pad
Added Member To Class: ClassName=Power Member=Component Q0 SSM3J328R,LF
Added Member To Class: ClassName=Power Member=Component Q1 L2N7002SWT1G
Added Member To Class: ClassName=Microcontroller Member=Component R0 10kO, 0402
Added Member To Class: ClassName=Microcontroller Member=Component R1 10kO, 0402
Added Member To Class: ClassName=Power Member=Component R3 10kO, 0402
Added Member To Class: ClassName=Power Member=Component R4 10kO, 0402
Added Member To Class: ClassName=Power Member=Component R5 10kO, 0402
Added Member To Class: ClassName=Power Member=Component R6 470O, 0402
Added Member To Class: ClassName=Power Member=Component R7 100O, 0402
Added Member To Class: ClassName=Power Member=Component R8 10kO, 0402
Added Member To Class: ClassName=Power Member=Component R9 1kO, 0402
Added Member To Class: ClassName=Power Member=Component R10 10kO, 0402
Added Member To Class: ClassName=Power Member=Component R11 1kO, 0402
Added Member To Class: ClassName=Power Member=Component R12 2kO, 0402
Added Member To Class: ClassName=Power Member=Component R13 800kO, 0402
Added Member To Class: ClassName=Power Member=Component R14 1O, 0402
Added Member To Class: ClassName=Power Member=Component R15 1.25kO, 0402
Added Member To Class: ClassName=Peripherals Member=Component R16 10kO, 0402
Added Member To Class: ClassName=Peripherals Member=Component R17 10kO, 0402
Added Member To Class: ClassName=Peripherals Member=Component R18 10kO, 0402
Added Member To Class: ClassName=Peripherals Member=Component R19 475kO, 0402
Added Member To Class: ClassName=Peripherals Member=Component R20 10kO, 0402
Added Member To Class: ClassName=Peripherals Member=Component R21 470O, 0402
Added Member To Class: ClassName=Power Member=Component U0 LD39200PU33R
Added Member To Class: ClassName=Power Member=Component U1 XB9241A
Added Member To Class: ClassName=Power Member=Component U2 BL4054B-42TPTRN
Added Member To Class: ClassName=Power Member=Component U2 XB6206AE
Added Member To Class: ClassName=Power Member=Component Z1 MM1W3V3
